Build started 6/19/2015 7:38:06 PM.
     1>Project "C:\Users\mike\Documents\GitHub\Flash_Policy\win32\flash.vcxproj" on node 2 (build target(s)).
     1>InitializeBuildStatus:
         Creating "Debug\flash_policy.unsuccessfulbuild" because "AlwaysCreate" was specified.
       ClCompile:
         C:\Program Files (x86)\Microsoft Visual Studio 10.0\VC\bin\CL.exe /c /ZI /nologo /W3 /WX- /Od /Oy- /D WIN32 /D _DEBUG /D _CONSOLE /D _CRT_SECURE_NO_WARNINGS /D _UNICODE /D UNICODE /Gm /EHsc /RTC1 /MDd /GS /fp:precise /Zc:wchar_t /Zc:forScope /Fo"Debug\\" /Fd"Debug\vc100.pdb" /Gd /TC /analyze- /errorReport:prompt ..\src\flash_policy.c
         flash_policy.c
       ManifestResourceCompile:
         All outputs are up-to-date.
       Link:
         C:\Program Files (x86)\Microsoft Visual Studio 10.0\VC\bin\link.exe /ERRORREPORT:PROMPT /OUT:"C:\Users\mike\Documents\GitHub\Flash_Policy\win32\Debug\flash_policy.exe" /INCREMENTAL /NOLOGO ws2_32.lib kernel32.lib user32.lib gdi32.lib winspool.lib comdlg32.lib advapi32.lib shell32.lib ole32.lib oleaut32.lib uuid.lib odbc32.lib odbccp32.lib /MANIFEST /ManifestFile:"Debug\flash_policy.exe.intermediate.manifest" /MANIFESTUAC:"level='asInvoker' uiAccess='false'" /DEBUG /PDB:"C:\Users\mike\Documents\GitHub\Flash_Policy\win32\Debug\flash_policy.pdb" /SUBSYSTEM:CONSOLE /TLBID:1 /DYNAMICBASE /NXCOMPAT /IMPLIB:"C:\Users\mike\Documents\GitHub\Flash_Policy\win32\Debug\flash_policy.lib" /MACHINE:X86 Debug\flash_policy.exe.embed.manifest.res
         Debug\arch.obj
         Debug\daemonize.obj
         Debug\file_config.obj
         Debug\flash_policy.obj
         Debug\wingetopt.obj
         Debug\yevent.obj
         Debug\yselect.obj
       Manifest:
         C:\Program Files (x86)\Microsoft SDKs\Windows\v7.0A\bin\mt.exe /nologo /verbose /out:"Debug\flash_policy.exe.embed.manifest" /manifest Debug\flash_policy.exe.intermediate.manifest
         All outputs are up-to-date.
       LinkEmbedManifest:
         All outputs are up-to-date.
         flash.vcxproj -> C:\Users\mike\Documents\GitHub\Flash_Policy\win32\Debug\flash_policy.exe
       FinalizeBuildStatus:
         Deleting file "Debug\flash_policy.unsuccessfulbuild".
         Touching "Debug\flash_policy.lastbuildstate".
     1>Done Building Project "C:\Users\mike\Documents\GitHub\Flash_Policy\win32\flash.vcxproj" (build target(s)).

Build succeeded.

Time Elapsed 00:00:00.81
